<?xml version="1.0" encoding="UTF-8"?>
<!-- Generated by org.testng.reporters.JUnitReportReporter -->
<testsuite skipped="0" hostname="LAPTOP-43MOIMNV" name="com.revature.selenium.loginpagetests.PositiveLogInTests" tests="1" failures="0" timestamp="30 Dec 2020 02:46:58 GMT" time="17.258" errors="0">
  <testcase name="logInTest" time="17.258" classname="com.revature.selenium.loginpagetests.PositiveLogInTests"/>
</testsuite> <!-- com.revature.selenium.loginpagetests.PositiveLogInTests -->
